[2025-11-16 00:21:25] Verificando prerequisitos...
[2025-11-16 00:21:25] Obteniendo información de ECS...
[2025-11-16 00:21:28] ✓ Cluster: python-app-dev-cluster
[2025-11-16 00:21:28] ✓ Service: python-app-dev-service
[2025-11-16 00:21:28] ✓ Blue TG: python-app-dev-blue-tg
[2025-11-16 00:21:28] ✓ Green TG: python-app-dev-green-tg
[2025-11-16 00:21:28] Creando CodeDeploy Application...
{
    "applicationId": "387dbfa5-92c3-4443-a6db-6a3ca673b428"
}
[2025-11-16 00:21:29] Creando IAM Role para CodeDeploy...
{
    "Role": {
        "Path": "/",
        "RoleName": "python-app-dev-codedeploy-role",
        "RoleId": "AROASFCPFMSV6YZJBEIIM",
        "Arn": "arn:aws:iam::148342400171:role/python-app-dev-codedeploy-role",
        "CreateDate": "2025-11-16T05:21:31+00:00",
        "AssumeRolePolicyDocument": {
            "Version": "2012-10-17",
            "Statement": [
                {
                    "Effect": "Allow",
                    "Principal": {
                        "Service": "codedeploy.amazonaws.com"
                    },
                    "Action": "sts:AssumeRole"
                }
            ]
        }
    }
}
[2025-11-16 00:21:32] ✓ Role creado
[2025-11-16 00:21:32] ✓ Role ARN: arn:aws:iam::148342400171:role/python-app-dev-codedeploy-role
[2025-11-16 00:21:37] Creando Deployment Group...
[2025-11-16 00:21:38] Deployment Group ya existe
[2025-11-16 00:21:38] 
[2025-11-16 00:21:38] ==========================================
[2025-11-16 00:21:38] ✅ CodeDeploy Configurado
[2025-11-16 00:21:38] ==========================================
[2025-11-16 00:21:38] 
[2025-11-16 00:21:38] Application Name: python-app-dev-app
[2025-11-16 00:21:38] Deployment Group: python-app-dev-dg
[2025-11-16 00:21:38] Cluster: python-app-dev-cluster
[2025-11-16 00:21:38] Service: python-app-dev-service
[2025-11-16 00:21:38] 
[2025-11-16 00:21:38] Próximos pasos:
[2025-11-16 00:21:38] 1. Configurar CodePipeline para usar CodeDeploy
[2025-11-16 00:21:38] 2. Hacer un commit y push para probar el deployment
[2025-11-16 00:21:38] 
